  soundmanager.cpp
C:\Users\Jesús Pavón García\Documents\GitHub\JE-3DGame\src\framework.h(372,105): warning C4244: 'return': conversión de 'double' a 'float'; posible pérdida de datos
  stage.cpp
C:\Users\Jesús Pavón García\Documents\GitHub\JE-3DGame\src\framework.h(372,105): warning C4244: 'return': conversión de 'double' a 'float'; posible pérdida de datos
C:\Users\Jesús Pavón García\Documents\GitHub\JE-3DGame\src\stage.cpp(35,55): warning C4305: 'argumento': truncamiento de 'double' a 'float'
C:\Users\Jesús Pavón García\Documents\GitHub\JE-3DGame\src\stage.cpp(39,56): warning C4305: 'argumento': truncamiento de 'double' a 'float'
C:\Users\Jesús Pavón García\Documents\GitHub\JE-3DGame\src\stage.cpp(50,114): warning C4244: 'argumento': conversión de 'int' a 'float'; posible pérdida de datos
C:\Users\Jesús Pavón García\Documents\GitHub\JE-3DGame\src\stage.cpp(50,94): warning C4244: 'argumento': conversión de 'int' a 'float'; posible pérdida de datos
C:\Users\Jesús Pavón García\Documents\GitHub\JE-3DGame\src\stage.cpp(50,86): warning C4244: 'argumento': conversión de 'float' a 'int'; posible pérdida de datos
C:\Users\Jesús Pavón García\Documents\GitHub\JE-3DGame\src\stage.cpp(50,61): warning C4244: 'argumento': conversión de 'float' a 'int'; posible pérdida de datos
C:\Users\Jesús Pavón García\Documents\GitHub\JE-3DGame\src\stage.cpp(106,21): warning C4244: '=': conversión de 'double' a 'float'; posible pérdida de datos
C:\Users\Jesús Pavón García\Documents\GitHub\JE-3DGame\src\stage.cpp(107,21): warning C4244: '=': conversión de 'double' a 'float'; posible pérdida de datos
C:\Users\Jesús Pavón García\Documents\GitHub\JE-3DGame\src\stage.cpp(108,21): warning C4244: '=': conversión de 'double' a 'float'; posible pérdida de datos
C:\Users\Jesús Pavón García\Documents\GitHub\JE-3DGame\src\stage.cpp(130,21): warning C4244: '=': conversión de 'double' a 'float'; posible pérdida de datos
C:\Users\Jesús Pavón García\Documents\GitHub\JE-3DGame\src\stage.cpp(131,21): warning C4244: '=': conversión de 'double' a 'float'; posible pérdida de datos
C:\Users\Jesús Pavón García\Documents\GitHub\JE-3DGame\src\stage.cpp(132,21): warning C4244: '=': conversión de 'double' a 'float'; posible pérdida de datos
C:\Users\Jesús Pavón García\Documents\GitHub\JE-3DGame\src\stage.cpp(111,3): warning C4996: 'strlwr': The POSIX name for this item is deprecated. Instead, use the ISO C and C++ conformant name: _strlwr. See online help for details.
C:\Users\Jesús Pavón García\Documents\GitHub\JE-3DGame\src\stage.cpp(112,3): warning C4996: 'strlwr': The POSIX name for this item is deprecated. Instead, use the ISO C and C++ conformant name: _strlwr. See online help for details.
C:\Users\Jesús Pavón García\Documents\GitHub\JE-3DGame\src\stage.cpp(135,3): warning C4996: 'strlwr': The POSIX name for this item is deprecated. Instead, use the ISO C and C++ conformant name: _strlwr. See online help for details.
C:\Users\Jesús Pavón García\Documents\GitHub\JE-3DGame\src\stage.cpp(136,3): warning C4996: 'strlwr': The POSIX name for this item is deprecated. Instead, use the ISO C and C++ conformant name: _strlwr. See online help for details.
C:\Users\Jesús Pavón García\Documents\GitHub\JE-3DGame\src\stage.cpp(157,114): warning C4244: 'argumento': conversión de 'int' a 'float'; posible pérdida de datos
C:\Users\Jesús Pavón García\Documents\GitHub\JE-3DGame\src\stage.cpp(157,94): warning C4244: 'argumento': conversión de 'int' a 'float'; posible pérdida de datos
C:\Users\Jesús Pavón García\Documents\GitHub\JE-3DGame\src\stage.cpp(157,86): warning C4244: 'argumento': conversión de 'float' a 'int'; posible pérdida de datos
C:\Users\Jesús Pavón García\Documents\GitHub\JE-3DGame\src\stage.cpp(157,61): warning C4244: 'argumento': conversión de 'float' a 'int'; posible pérdida de datos
C:\Users\Jesús Pavón García\Documents\GitHub\JE-3DGame\src\stage.cpp(164,23): warning C4018: '<': no coinciden signed/unsigned
C:\Users\Jesús Pavón García\Documents\GitHub\JE-3DGame\src\stage.cpp(196,23): warning C4018: '<': no coinciden signed/unsigned
C:\Users\Jesús Pavón García\Documents\GitHub\JE-3DGame\src\stage.cpp(241,45): warning C4244: 'argumento': conversión de 'double' a 'float'; posible pérdida de datos
C:\Users\Jesús Pavón García\Documents\GitHub\JE-3DGame\src\stage.cpp(250,85): warning C4244: 'argumento': conversión de 'int' a 'float'; posible pérdida de datos
C:\Users\Jesús Pavón García\Documents\GitHub\JE-3DGame\src\stage.cpp(250,55): warning C4244: 'argumento': conversión de 'int' a 'float'; posible pérdida de datos
C:\Users\Jesús Pavón García\Documents\GitHub\JE-3DGame\src\stage.cpp(258,88): warning C4244: 'argumento': conversión de 'int' a 'float'; posible pérdida de datos
C:\Users\Jesús Pavón García\Documents\GitHub\JE-3DGame\src\stage.cpp(258,58): warning C4244: 'argumento': conversión de 'int' a 'float'; posible pérdida de datos
C:\Users\Jesús Pavón García\Documents\GitHub\JE-3DGame\src\stage.cpp(267,32): warning C4244: 'argumento': conversión de 'int' a 'float'; posible pérdida de datos
C:\Users\Jesús Pavón García\Documents\GitHub\JE-3DGame\src\stage.cpp(300,55): warning C4244: '=': conversión de 'float' a 'int'; posible pérdida de datos
C:\Users\Jesús Pavón García\Documents\GitHub\JE-3DGame\src\stage.cpp(301,56): warning C4244: '=': conversión de 'float' a 'int'; posible pérdida de datos
C:\Users\Jesús Pavón García\Documents\GitHub\JE-3DGame\src\stage.cpp(304,23): warning C4018: '<': no coinciden signed/unsigned
C:\Users\Jesús Pavón García\Documents\GitHub\JE-3DGame\src\stage.cpp(388,23): warning C4018: '<': no coinciden signed/unsigned
C:\Users\Jesús Pavón García\Documents\GitHub\JE-3DGame\src\stage.cpp(400,69): warning C4305: 'argumento': truncamiento de 'double' a 'float'
C:\Users\Jesús Pavón García\Documents\GitHub\JE-3DGame\src\stage.cpp(448,24): warning C4018: '<': no coinciden signed/unsigned
C:\Users\Jesús Pavón García\Documents\GitHub\JE-3DGame\src\stage.cpp(454,52): warning C4244: 'argumento': conversión de 'int' a 'float'; posible pérdida de datos
C:\Users\Jesús Pavón García\Documents\GitHub\JE-3DGame\src\stage.cpp(454,36): warning C4244: 'argumento': conversión de 'int' a 'float'; posible pérdida de datos
C:\Users\Jesús Pavón García\Documents\GitHub\JE-3DGame\src\stage.cpp(462,44): warning C4244: 'argumento': conversión de 'int' a 'float'; posible pérdida de datos
C:\Users\Jesús Pavón García\Documents\GitHub\JE-3DGame\src\stage.cpp(463,44): warning C4244: 'argumento': conversión de 'int' a 'float'; posible pérdida de datos
C:\Users\Jesús Pavón García\Documents\GitHub\JE-3DGame\src\stage.cpp(381,11): warning C4101: 'usedTex': variable local sin referencia
C:\Users\Jesús Pavón García\Documents\GitHub\JE-3DGame\src\stage.cpp(380,8): warning C4101: 'usedMesh': variable local sin referencia
C:\Users\Jesús Pavón García\Documents\GitHub\JE-3DGame\src\stage.cpp(506,30): warning C4305: 'argumento': truncamiento de 'double' a 'float'
C:\Users\Jesús Pavón García\Documents\GitHub\JE-3DGame\src\stage.cpp(511,39): warning C4305: 'argumento': truncamiento de 'double' a 'float'
C:\Users\Jesús Pavón García\Documents\GitHub\JE-3DGame\src\stage.cpp(538,81): warning C4244: 'argumento': conversión de 'int' a 'float'; posible pérdida de datos
C:\Users\Jesús Pavón García\Documents\GitHub\JE-3DGame\src\stage.cpp(538,50): warning C4244: 'argumento': conversión de 'int' a 'float'; posible pérdida de datos
C:\Users\Jesús Pavón García\Documents\GitHub\JE-3DGame\src\stage.cpp(571,73): warning C4244: 'argumento': conversión de 'int' a 'float'; posible pérdida de datos
C:\Users\Jesús Pavón García\Documents\GitHub\JE-3DGame\src\stage.cpp(571,44): warning C4244: 'argumento': conversión de 'int' a 'float'; posible pérdida de datos
C:\Users\Jesús Pavón García\Documents\GitHub\JE-3DGame\src\stage.cpp(578,82): warning C4244: 'argumento': conversión de 'int' a 'float'; posible pérdida de datos
C:\Users\Jesús Pavón García\Documents\GitHub\JE-3DGame\src\stage.cpp(578,51): warning C4244: 'argumento': conversión de 'int' a 'float'; posible pérdida de datos
C:\Users\Jesús Pavón García\Documents\GitHub\JE-3DGame\src\stage.cpp(584,81): warning C4244: 'argumento': conversión de 'int' a 'float'; posible pérdida de datos
C:\Users\Jesús Pavón García\Documents\GitHub\JE-3DGame\src\stage.cpp(584,50): warning C4244: 'argumento': conversión de 'int' a 'float'; posible pérdida de datos
C:\Users\Jesús Pavón García\Documents\GitHub\JE-3DGame\src\stage.cpp(593,61): warning C4244: 'argumento': conversión de 'int' a 'float'; posible pérdida de datos
C:\Users\Jesús Pavón García\Documents\GitHub\JE-3DGame\src\stage.cpp(593,34): warning C4244: 'argumento': conversión de 'int' a 'float'; posible pérdida de datos
  Generando código...
animation.obj : warning LNK4075: se omite '/EDITANDCONTINUE' debido a la especificación '/INCREMENTAL:NO'
LINK : warning LNK4098: la biblioteca predeterminada'LIBCMT' entra en conflicto con otras bibliotecas; use la biblioteca /NODEFAULTLIB:biblioteca
entity.obj : error LNK2019: símbolo externo "int __cdecl AStarFindPathNoTieDiag(int,int,int,int,unsigned char const *,int,int,int *,int)" (?AStarFindPathNoTieDiag@@YAHHHHHPBEHHPAHH@Z) sin resolver al que se hace referencia en la función "public: void __thiscall Entity::pathfinder(int,int,int,int)" (?pathfinder@Entity@@QAEXHHHH@Z)
..\..\game_debug.exe : fatal error LNK1120: 1 externos sin resolver
